<?xml version="1.0" encoding="UTF-8"?>
<!-- Generated by org.testng.reporters.JUnitXMLReporter -->
<testsuite ignored="0" hostname="Samosa" failures="0" tests="4" name="Surefire test" time="44.548" errors="0" timestamp="2025-09-14T22:40:56 IST">
  <testcase classname="com.ajay.learning.tests.BrowserStackTest" name="browserStackTest" time="4.643"/>
  <testcase classname="com.ajay.learning.tests.DemoQATest" name="fillPracticeForm" time="9.991"/>
  <testcase classname="com.ajay.learning.tests.DemoQATest" name="fillPracticeForm" time="7.982"/>
  <testcase classname="com.ajay.learning.tests.GoogleTest" name="googleTitleTest" time="2.666"/>
</testsuite> <!-- Surefire test -->
