<?xml version="1.0" encoding="UTF-8"?>
<testng-results ignored="0" total="4" passed="4" failed="0" skipped="0">
  <reporter-output>
  </reporter-output>
  <suite started-at="2025-09-14T22:40:12 IST" name="Surefire suite" finished-at="2025-09-14T22:40:56 IST" duration-ms="44548">
    <groups>
    </groups>
    <test started-at="2025-09-14T22:40:12 IST" name="Surefire test" finished-at="2025-09-14T22:40:56 IST" duration-ms="44548">
      <class name="com.ajay.learning.tests.BrowserStackTest">
        <test-method signature="browserStackTest()[pri:0, instance:com.ajay.learning.tests.BrowserStackTest@64c87930]" started-at="2025-09-14T22:40:12 IST" name="browserStackTest" finished-at="2025-09-14T22:40:17 IST" duration-ms="4643" status="PASS">
          <reporter-output>
          </reporter-output>
        </test-method> <!-- browserStackTest -->
      </class> <!-- com.ajay.learning.tests.BrowserStackTest -->
      <class name="com.ajay.learning.tests.GoogleTest">
        <test-method signature="googleTitleTest()[pri:0, instance:com.ajay.learning.tests.GoogleTest@4b168fa9]" started-at="2025-09-14T22:40:54 IST" name="googleTitleTest" finished-at="2025-09-14T22:40:56 IST" duration-ms="2666" status="PASS">
          <reporter-output>
          </reporter-output>
        </test-method> <!-- googleTitleTest -->
      </class> <!-- com.ajay.learning.tests.GoogleTest -->
      <class name="com.ajay.learning.tests.DemoQATest">
        <test-method is-config="true" signature="setUp()[pri:0, instance:com.ajay.learning.tests.DemoQATest@48524010]" started-at="2025-09-14T22:40:17 IST" name="setUp" finished-at="2025-09-14T22:40:17 IST" duration-ms="14" status="PASS">
          <reporter-output>
          </reporter-output>
        </test-method> <!-- setUp -->
        <test-method is-config="true" signature="launchBrowser()[pri:0, instance:com.ajay.learning.tests.DemoQATest@48524010]" started-at="2025-09-14T22:40:17 IST" name="launchBrowser" finished-at="2025-09-14T22:40:24 IST" duration-ms="7497" status="PASS">
          <reporter-output>
          </reporter-output>
        </test-method> <!-- launchBrowser -->
        <test-method signature="fillPracticeForm(org.json.simple.JSONObject)[pri:0, instance:com.ajay.learning.tests.DemoQATest@48524010]" started-at="2025-09-14T22:40:24 IST" name="fillPracticeForm" data-provider="formData" finished-at="2025-09-14T22:40:34 IST" duration-ms="9991" status="PASS">
          <params>
            <param index="0">
              <value>
                <![CDATA[{"firstName":"Ajay","lastName":"Kumar","gender":"Male","mobile":"9876543210","successMessage":"Thanks for submitting the form","email":"ajay@example.com","hobby":["Sports","Reading"]}]]>
              </value>
            </param>
          </params>
          <reporter-output>
          </reporter-output>
        </test-method> <!-- fillPracticeForm -->
        <test-method is-config="true" signature="tearDown()[pri:0, instance:com.ajay.learning.tests.DemoQATest@48524010]" started-at="2025-09-14T22:40:34 IST" name="tearDown" finished-at="2025-09-14T22:40:34 IST" duration-ms="384" status="PASS">
          <reporter-output>
          </reporter-output>
        </test-method> <!-- tearDown -->
        <test-method is-config="true" signature="launchBrowser()[pri:0, instance:com.ajay.learning.tests.DemoQATest@48524010]" started-at="2025-09-14T22:40:34 IST" name="launchBrowser" finished-at="2025-09-14T22:40:45 IST" duration-ms="10832" status="PASS">
          <reporter-output>
          </reporter-output>
        </test-method> <!-- launchBrowser -->
        <test-method signature="fillPracticeForm(org.json.simple.JSONObject)[pri:0, instance:com.ajay.learning.tests.DemoQATest@48524010]" started-at="2025-09-14T22:40:45 IST" name="fillPracticeForm" data-provider="formData" finished-at="2025-09-14T22:40:53 IST" duration-ms="7982" status="PASS">
          <params>
            <param index="0">
              <value>
                <![CDATA[{"firstName":"Neha","lastName":"Sharma","gender":"Female","mobile":"9123456789","successMessage":"Thanks for submitting the form","email":"neha@example.com","hobby":["Music"]}]]>
              </value>
            </param>
          </params>
          <reporter-output>
          </reporter-output>
        </test-method> <!-- fillPracticeForm -->
        <test-method is-config="true" signature="tearDown()[pri:0, instance:com.ajay.learning.tests.DemoQATest@48524010]" started-at="2025-09-14T22:40:53 IST" name="tearDown" finished-at="2025-09-14T22:40:54 IST" duration-ms="443" status="PASS">
          <reporter-output>
          </reporter-output>
        </test-method> <!-- tearDown -->
      </class> <!-- com.ajay.learning.tests.DemoQATest -->
    </test> <!-- Surefire test -->
  </suite> <!-- Surefire suite -->
</testng-results>
