<?xml version="1.0" encoding="UTF-8"?>
<testng-results ignored="0" total="2" passed="2" failed="0" skipped="0">
  <reporter-output>
  </reporter-output>
  <suite started-at="2025-09-15T11:46:56 IST" name="DemoQA DataDriven Suite" finished-at="2025-09-15T11:48:01 IST" duration-ms="65053">
    <groups>
    </groups>
    <test started-at="2025-09-15T11:46:56 IST" name="PracticeFormTestsJSON" finished-at="2025-09-15T11:48:01 IST" duration-ms="65053">
      <class name="com.ajay.learning.tests.DemoQATest">
        <test-method is-config="true" signature="setUp()[pri:0, instance:com.ajay.learning.tests.DemoQATest@4a22f9e2]" started-at="2025-09-15T11:46:56 IST" name="setUp" finished-at="2025-09-15T11:46:56 IST" duration-ms="38" status="PASS">
          <reporter-output>
          </reporter-output>
        </test-method> <!-- setUp -->
        <test-method is-config="true" signature="launchBrowser()[pri:0, instance:com.ajay.learning.tests.DemoQATest@4a22f9e2]" started-at="2025-09-15T11:46:56 IST" name="launchBrowser" finished-at="2025-09-15T11:47:04 IST" duration-ms="7745" status="PASS">
          <reporter-output>
          </reporter-output>
        </test-method> <!-- launchBrowser -->
        <test-method signature="fillPracticeForm(org.json.simple.JSONObject)[pri:0, instance:com.ajay.learning.tests.DemoQATest@4a22f9e2]" started-at="2025-09-15T11:47:04 IST" name="fillPracticeForm" data-provider="formData" finished-at="2025-09-15T11:47:20 IST" duration-ms="15454" status="PASS">
          <params>
            <param index="0">
              <value>
                <![CDATA[{"firstName":"Ajay","lastName":"Kumar","gender":"Male","city":"Delhi","mobile":"9876543210","dateOfBirth":"15 Jun 1990","state":"NCR","successMessage":"Thanks for submitting the form","email":"ajay@example.com","hobby":["Sports","Reading"],"currentAddress":"123 Main St, Cityville"}]]>
              </value>
            </param>
          </params>
          <reporter-output>
          </reporter-output>
        </test-method> <!-- fillPracticeForm -->
        <test-method is-config="true" signature="tearDown()[pri:0, instance:com.ajay.learning.tests.DemoQATest@4a22f9e2]" started-at="2025-09-15T11:47:20 IST" name="tearDown" finished-at="2025-09-15T11:47:20 IST" duration-ms="604" status="PASS">
          <reporter-output>
          </reporter-output>
        </test-method> <!-- tearDown -->
        <test-method is-config="true" signature="launchBrowser()[pri:0, instance:com.ajay.learning.tests.DemoQATest@4a22f9e2]" started-at="2025-09-15T11:47:20 IST" name="launchBrowser" finished-at="2025-09-15T11:47:47 IST" duration-ms="26824" status="PASS">
          <reporter-output>
          </reporter-output>
        </test-method> <!-- launchBrowser -->
        <test-method signature="fillPracticeForm(org.json.simple.JSONObject)[pri:0, instance:com.ajay.learning.tests.DemoQATest@4a22f9e2]" started-at="2025-09-15T11:47:47 IST" name="fillPracticeForm" data-provider="formData" finished-at="2025-09-15T11:48:00 IST" duration-ms="13389" status="PASS">
          <params>
            <param index="0">
              <value>
                <![CDATA[{"firstName":"Neha","lastName":"Sharma","gender":"Female","city":"Agra","mobile":"9123456789","dateOfBirth":"22 Dec 1992","state":"Uttar Pradesh","successMessage":"Thanks for submitting the form","email":"neha@example.com","hobby":["Music"],"currentAddress":"456 Elm St, Townsville"}]]>
              </value>
            </param>
          </params>
          <reporter-output>
          </reporter-output>
        </test-method> <!-- fillPracticeForm -->
        <test-method is-config="true" signature="tearDown()[pri:0, instance:com.ajay.learning.tests.DemoQATest@4a22f9e2]" started-at="2025-09-15T11:48:00 IST" name="tearDown" finished-at="2025-09-15T11:48:01 IST" duration-ms="519" status="PASS">
          <reporter-output>
          </reporter-output>
        </test-method> <!-- tearDown -->
      </class> <!-- com.ajay.learning.tests.DemoQATest -->
    </test> <!-- PracticeFormTestsJSON -->
  </suite> <!-- DemoQA DataDriven Suite -->
</testng-results>
