<?xml version="1.0" encoding="UTF-8"?>
<testng-results ignored="0" total="2" passed="2" failed="0" skipped="0">
  <reporter-output>
  </reporter-output>
  <suite started-at="2025-09-14T22:46:58 IST" name="DemoQA DataDriven Suite" finished-at="2025-09-14T22:47:37 IST" duration-ms="39188">
    <groups>
    </groups>
    <test started-at="2025-09-14T22:46:58 IST" name="PracticeFormTestsJSON" finished-at="2025-09-14T22:47:37 IST" duration-ms="39188">
      <class name="com.ajay.learning.tests.DemoQATest">
        <test-method is-config="true" signature="setUp()[pri:0, instance:com.ajay.learning.tests.DemoQATest@4a22f9e2]" started-at="2025-09-14T22:46:58 IST" name="setUp" finished-at="2025-09-14T22:46:58 IST" duration-ms="34" status="PASS">
          <reporter-output>
          </reporter-output>
        </test-method> <!-- setUp -->
        <test-method is-config="true" signature="launchBrowser()[pri:0, instance:com.ajay.learning.tests.DemoQATest@4a22f9e2]" started-at="2025-09-14T22:46:58 IST" name="launchBrowser" finished-at="2025-09-14T22:47:08 IST" duration-ms="9733" status="PASS">
          <reporter-output>
          </reporter-output>
        </test-method> <!-- launchBrowser -->
        <test-method signature="fillPracticeForm(org.json.simple.JSONObject)[pri:0, instance:com.ajay.learning.tests.DemoQATest@4a22f9e2]" started-at="2025-09-14T22:47:08 IST" name="fillPracticeForm" data-provider="formData" finished-at="2025-09-14T22:47:19 IST" duration-ms="10945" status="PASS">
          <params>
            <param index="0">
              <value>
                <![CDATA[{"firstName":"Ajay","lastName":"Kumar","gender":"Male","mobile":"9876543210","successMessage":"Thanks for submitting the form","email":"ajay@example.com","hobby":["Sports","Reading"]}]]>
              </value>
            </param>
          </params>
          <reporter-output>
          </reporter-output>
        </test-method> <!-- fillPracticeForm -->
        <test-method is-config="true" signature="tearDown()[pri:0, instance:com.ajay.learning.tests.DemoQATest@4a22f9e2]" started-at="2025-09-14T22:47:19 IST" name="tearDown" finished-at="2025-09-14T22:47:20 IST" duration-ms="450" status="PASS">
          <reporter-output>
          </reporter-output>
        </test-method> <!-- tearDown -->
        <test-method is-config="true" signature="launchBrowser()[pri:0, instance:com.ajay.learning.tests.DemoQATest@4a22f9e2]" started-at="2025-09-14T22:47:20 IST" name="launchBrowser" finished-at="2025-09-14T22:47:28 IST" duration-ms="8866" status="PASS">
          <reporter-output>
          </reporter-output>
        </test-method> <!-- launchBrowser -->
        <test-method signature="fillPracticeForm(org.json.simple.JSONObject)[pri:0, instance:com.ajay.learning.tests.DemoQATest@4a22f9e2]" started-at="2025-09-14T22:47:28 IST" name="fillPracticeForm" data-provider="formData" finished-at="2025-09-14T22:47:37 IST" duration-ms="8153" status="PASS">
          <params>
            <param index="0">
              <value>
                <![CDATA[{"firstName":"Neha","lastName":"Sharma","gender":"Female","mobile":"9123456789","successMessage":"Thanks for submitting the form","email":"neha@example.com","hobby":["Music"]}]]>
              </value>
            </param>
          </params>
          <reporter-output>
          </reporter-output>
        </test-method> <!-- fillPracticeForm -->
        <test-method is-config="true" signature="tearDown()[pri:0, instance:com.ajay.learning.tests.DemoQATest@4a22f9e2]" started-at="2025-09-14T22:47:37 IST" name="tearDown" finished-at="2025-09-14T22:47:37 IST" duration-ms="458" status="PASS">
          <reporter-output>
          </reporter-output>
        </test-method> <!-- tearDown -->
      </class> <!-- com.ajay.learning.tests.DemoQATest -->
    </test> <!-- PracticeFormTestsJSON -->
  </suite> <!-- DemoQA DataDriven Suite -->
</testng-results>
